Arguments: 
  C:\Program Files\nodejs\node.exe C:\Program Files (x86)\Yarn\bin\yarn.js add nodemon

PATH: 
  C:\WINDOWS\system32;C:\WINDOWS;C:\WINDOWS\System32\Wbem;C:\WINDOWS\System32\WindowsPowerShell\v1.0\;C:\WINDOWS\System32\OpenSSH\;C:\Program Files\nodejs\;C:\Program Files (x86)\Yarn\bin\;C:\Program Files\Git\cmd;C:\Users\91639\AppData\Local\Programs\Python\Python39\Scripts\;C:\Users\91639\AppData\Local\Programs\Python\Python39\;C:\Users\91639\AppData\Local\Microsoft\WindowsApps;C:\Users\91639\AppData\Local\GitHubDesktop\bin;C:\Users\91639\AppData\Roaming\npm;C:\Users\91639\AppData\Local\Programs\Microsoft VS Code\bin;C:\Program Files\MongoDB\Server\4.4\bin;C:\Users\91639\AppData\Local\Yarn\bin;C:\Program Files\heroku\bin;C:\Users\91639\Desktop\video_call_application\heroku\bin;C:\Program Files\MongoDB\Server\5.0\data\;

Yarn version: 
  1.22.5

Node version: 
  14.16.1

Platform: 
  win32 x64

Trace: 
  Error: getaddrinfo ENOTFOUND registry.yarnpkg.com
      at GetAddrInfoReqWrap.onlookup [as oncomplete] (dns.js:67:26)

npm manifest: 
  {
    "name": "api",
    "version": "1.0.0",
    "description": "",
    "main": "index.js",
    "type": "module",
    "scripts": {
      "start": "node index.js"
    },
    "keywords": [],
    "author": "",
    "license": "ISC",
    "dependencies": {
      "express": "^4.18.1"
    }
  }

yarn manifest: 
  No manifest

Lockfile: 
  No lockfile
